{
  "RSpec": {
    "coverage": {
      "C:/Users/Wanti/Desktop/Ruby/Robot_Survey/lib/robot.rb": [
        1,
        1,
        1
      ],
      "C:/Users/Wanti/Desktop/Ruby/Robot_Survey/lib/robot/coordinate.rb": [
        null,
        null,
        1,
        null,
        1,
        null,
        1,
        7,
        7,
        7,
        7,
        null,
        null,
        1,
        7,
        null,
        null,
        null,
        null
      ],
      "C:/Users/Wanti/Desktop/Ruby/Robot_Survey/lib/robot/parser.rb": [
        null,
        null,
        1,
        null,
        1,
        12,
        null,
        null,
        1,
        6,
        6,
        6,
        null,
        null,
        1,
        6,
        null,
        null,
        null,
        null,
        null,
        null,
        null,
        null
      ],
      "C:/Users/Wanti/Desktop/Ruby/Robot_Survey/lib/robot/movement.rb": [
        null,
        null,
        1,
        null,
        1,
        null,
        1,
        5,
        5,
        null,
        null,
        1,
        5,
        5,
        5,
        5,
        5,
        5,
        null,
        5,
        26,
        26,
        26,
        null,
        0,
        null,
        0,
        null,
        0,
        null,
        null,
        null,
        0,
        null,
        null,
        0,
        null,
        null,
        null,
        5,
        null,
        null,
        1,
        0,
        0,
        0,
        0,
        null,
        0,
        null,
        null,
        0,
        null,
        null
      ],
      "C:/Users/Wanti/Desktop/Ruby/Robot_Survey/spec/robot/movement_spec.rb": [
        1,
        null,
        1,
        null,
        1,
        5,
        1,
        1,
        1,
        2,
        null,
        null,
        null,
        null,
        null,
        1,
        1,
        null,
        null,
        1,
        1,
        null,
        null,
        1,
        1,
        null,
        null,
        1,
        1,
        null,
        null,
        1,
        1,
        null,
        null,
        null,
        null
      ],
      "C:/Users/Wanti/Desktop/Ruby/Robot_Survey/spec/robot/parser_spec.rb": [
        1,
        null,
        1,
        2,
        2,
        null,
        null,
        1,
        1,
        null,
        null,
        1,
        1,
        null,
        null,
        null
      ]
    },
    "timestamp": 1423122801
  }
}
